<?xml version="1.0" encoding="UTF-8"?>
<testsuite xmlns:xsi="http://www.w3.org/2001/XMLSchema-instance" xsi:noNamespaceSchemaLocation="https://maven.apache.org/surefire/maven-surefire-plugin/xsd/surefire-test-report-3.0.xsd" version="3.0" name="com.example.CricketAPI.CricketApiApplicationTests" time="2.061" tests="1" errors="0" skipped="0" failures="0">
  <properties>
[...]
</properties>
  <testcase name="contextLoads" classname="com.example.CricketAPI.CricketApiApplicationTests" time="0.53">
    <system-out><![CDATA[01:25:39.453 [main] INFO org.springframework.test.context.support.AnnotationConfigContextLoaderUtils -- Could not detect default configuration classes for test class [com.example.CricketAPI.CricketApiApplicationTests]: CricketApiApplicationTests does not declare any static, non-private, non-final, nested classes annotated with @Configuration.
01:25:39.525 [main] INFO org.springframework.boot.test.context.SpringBootTestContextBootstrapper -- Found @SpringBootConfiguration com.example.CricketAPI.CricketApiApplication for test class com.example.CricketAPI.CricketApiApplicationTests

  .   ____          _            __ _ _
 /\\ / ___'_ __ _ _(_)_ __  __ _ \ \ \ \
( ( )\___ | '_ | '_| | '_ \/ _` | \ \ \ \
 \\/  ___)| |_)| | | | | || (_| |  ) ) ) )
  '  |____| .__|_| |_|_| |_\__, | / / / /
 =========|_|==============|___/=/_/_/_/
 :: Spring Boot ::                (v3.1.0)

2024-06-26T01:25:39.744-07:00  INFO 89522 --- [           main] c.e.C.CricketApiApplicationTests         : Starting CricketApiApplicationTests using Java 17.0.2 with PID 89522 (started by sandeepvarala in /Users/sandeepvarala/Desktop/project/cricketdetails)
2024-06-26T01:25:39.745-07:00  INFO 89522 --- [           main] c.e.C.CricketApiApplicationTests         : No active profile set, falling back to 1 default profile: "default"
2024-06-26T01:25:40.799-07:00  INFO 89522 --- [           main] o.s.b.a.e.web.EndpointLinksResolver      : Exposing 1 endpoint(s) beneath base path '/actuator'
2024-06-26T01:25:40.835-07:00  INFO 89522 --- [           main] c.e.C.CricketApiApplicationTests         : Started CricketApiApplicationTests in 1.227 seconds (process running for 1.794)
]]></system-out>
  </testcase>
</testsuite>